<?xml version="1.0" encoding="UTF-8"?>
<!-- Generated by org.testng.reporters.JUnitXMLReporter -->
<testsuite hostname="DESKTOP-4VI7QOT" ignored="0" name="Test" tests="10" failures="5" timestamp="2024-06-26T00:04:48 IST" time="46.97" errors="0">
  <testcase name="runScenario" time="4.579" classname="io.cucumber.testng.AbstractTestNGCucumberTests">
    <failure type="java.lang.NullPointerException">
      <![CDATA[java.lang.NullPointerException
at com.snd.pageObjects.LoginPage.enterBaseUrl(LoginPage.java:56)
at com.snd.stepDefinitions.HomePageSteps.user_is_on_home_page(HomePageSteps.java:33)
at ✽.User is on home page(file:///C:/Users/MYPC/eclipse-workspace/PHP_Travels.net_TestNG/src/test/resources/Features/FlightSearch.feature:7)
]]>
    </failure>
  </testcase> <!-- runScenario -->
  <testcase name="runScenario" time="2.543" classname="io.cucumber.testng.AbstractTestNGCucumberTests">
    <failure type="java.lang.NullPointerException">
      <![CDATA[java.lang.NullPointerException
at com.snd.pageObjects.LoginPage.enterBaseUrl(LoginPage.java:56)
at com.snd.stepDefinitions.HomePageSteps.user_is_on_home_page(HomePageSteps.java:33)
at ✽.User is on home page(file:///C:/Users/MYPC/eclipse-workspace/PHP_Travels.net_TestNG/src/test/resources/Features/FlightSearch.feature:7)
]]>
    </failure>
  </testcase> <!-- runScenario -->
  <testcase name="runScenario" time="2.597" classname="io.cucumber.testng.AbstractTestNGCucumberTests">
    <failure type="java.lang.NullPointerException">
      <![CDATA[java.lang.NullPointerException
at com.snd.pageObjects.LoginPage.enterBaseUrl(LoginPage.java:56)
at com.snd.stepDefinitions.HomePageSteps.user_is_on_home_page(HomePageSteps.java:33)
at ✽.User is on home page(file:///C:/Users/MYPC/eclipse-workspace/PHP_Travels.net_TestNG/src/test/resources/Features/HomePage.feature:6)
]]>
    </failure>
  </testcase> <!-- runScenario -->
  <testcase name="runScenario" time="2.572" classname="io.cucumber.testng.AbstractTestNGCucumberTests">
    <failure type="java.lang.NullPointerException">
      <![CDATA[java.lang.NullPointerException
at com.snd.pageObjects.LoginPage.enterBaseUrl(LoginPage.java:56)
at com.snd.stepDefinitions.HomePageSteps.user_is_on_home_page(HomePageSteps.java:33)
at ✽.User is on home page(file:///C:/Users/MYPC/eclipse-workspace/PHP_Travels.net_TestNG/src/test/resources/Features/HomePage.feature:15)
]]>
    </failure>
  </testcase> <!-- runScenario -->
  <testcase name="runScenario" time="2.761" classname="io.cucumber.testng.AbstractTestNGCucumberTests">
    <failure type="java.lang.NullPointerException">
      <![CDATA[java.lang.NullPointerException
at com.snd.pageObjects.LoginPage.enterBaseUrl(LoginPage.java:56)
at com.snd.stepDefinitions.HomePageSteps.user_is_on_home_page(HomePageSteps.java:33)
at ✽.User is on home page(file:///C:/Users/MYPC/eclipse-workspace/PHP_Travels.net_TestNG/src/test/resources/Features/HomePage.feature:23)
]]>
    </failure>
  </testcase> <!-- runScenario -->
  <testcase name="runScenario" time="5.393" classname="io.cucumber.testng.AbstractTestNGCucumberTests"/>
  <testcase name="runScenario" time="6.608" classname="io.cucumber.testng.AbstractTestNGCucumberTests"/>
  <testcase name="runScenario" time="6.097" classname="io.cucumber.testng.AbstractTestNGCucumberTests"/>
  <testcase name="runScenario" time="5.498" classname="io.cucumber.testng.AbstractTestNGCucumberTests"/>
  <testcase name="runScenario" time="6.469" classname="io.cucumber.testng.AbstractTestNGCucumberTests"/>
</testsuite> <!-- Test -->
