<?xml version="1.0" encoding="UTF-8"?>
<testsuite xmlns:xsi="http://www.w3.org/2001/XMLSchema-instance" xsi:noNamespaceSchemaLocation="https://maven.apache.org/surefire/maven-surefire-plugin/xsd/surefire-test-report.xsd" name="TestSuite" time="105.768" tests="10" errors="0" skipped="0" failures="2">
  <properties>
[...]
</properties>
  <testcase name="runScenario" classname="com.snd.runners.TestRunner" time="30.623">
    <failure message="timeout: Timed out receiving message from renderer: 20.000&#10;  (Session info: chrome=126.0.6478.116)&#10;Build info: version: &apos;3.141.59&apos;, revision: &apos;e82be7d358&apos;, time: &apos;2018-11-14T08:17:03&apos;&#10;System info: host: &apos;DESKTOP-4VI7QOT&apos;, ip: &apos;192.168.0.102&apos;, os.name: &apos;Windows 10&apos;, os.arch: &apos;amd64&apos;, os.version: &apos;10.0&apos;, java.version: &apos;17.0.11&apos;&#10;Driver info: org.openqa.selenium.chrome.ChromeDriver&#10;Capabilities {acceptInsecureCerts: false, browserName: chrome, browserVersion: 126.0.6478.116, chrome: {chromedriverVersion: 125.0.6422.141 (4b1e8393712..., userDataDir: C:\WINDOWS\SystemTemp\scope...}, fedcm:accounts: true, goog:chromeOptions: {debuggerAddress: localhost:57818}, javascriptEnabled: true, networkConnectionEnabled: false, pageLoadStrategy: normal, platform: WINDOWS, platformName: WINDOWS, proxy: Proxy(), setWindowRect: true, strictFileInteractability: false, timeouts: {implicit: 0, pageLoad: 300000, script: 30000}, unhandledPromptBehavior: dismiss and notify, webauthn:extension:credBlob: true, webauthn:extension:largeBlob: true, webauthn:extension:minPinLength: true, webauthn:extension:prf: true, webauthn:virtualAuthenticators: true}&#10;Session ID: 8b30cf09a3daef162339fe489facd6ff" type="org.openqa.selenium.TimeoutException">org.openqa.selenium.TimeoutException: 
timeout: Timed out receiving message from renderer: 20.000
  (Session info: chrome=126.0.6478.116)
Build info: version: '3.141.59', revision: 'e82be7d358', time: '2018-11-14T08:17:03'
System info: host: 'DESKTOP-4VI7QOT', ip: '192.168.0.102', os.name: 'Windows 10', os.arch: 'amd64', os.version: '10.0', java.version: '17.0.11'
Driver info: org.openqa.selenium.chrome.ChromeDriver
Capabilities {acceptInsecureCerts: false, browserName: chrome, browserVersion: 126.0.6478.116, chrome: {chromedriverVersion: 125.0.6422.141 (4b1e8393712..., userDataDir: C:\WINDOWS\SystemTemp\scope...}, fedcm:accounts: true, goog:chromeOptions: {debuggerAddress: localhost:57818}, javascriptEnabled: true, networkConnectionEnabled: false, pageLoadStrategy: normal, platform: WINDOWS, platformName: WINDOWS, proxy: Proxy(), setWindowRect: true, strictFileInteractability: false, timeouts: {implicit: 0, pageLoad: 300000, script: 30000}, unhandledPromptBehavior: dismiss and notify, webauthn:extension:credBlob: true, webauthn:extension:largeBlob: true, webauthn:extension:minPinLength: true, webauthn:extension:prf: true, webauthn:virtualAuthenticators: true}
Session ID: 8b30cf09a3daef162339fe489facd6ff
</failure>
    <system-out><![CDATA[[TestNGContentHandler] [WARN] It is strongly recommended to add "<!DOCTYPE suite SYSTEM "http://testng.org/testng-1.0.dtd" >" at the top of your file, otherwise TestNG may fail or not work as expected.

@flightSearch @oneway
Scenario Outline: Search one way flight          # src/test/resources/Features/FlightSearch.feature:20
[INFO ] 2024-06-27 11:48:30.099 [TestNG-test=Test-1] Hooks - Browser launched
[INFO ] 2024-06-27 11:48:31.983 [TestNG-test=Test-1] HomePageSteps - Entered base URL
  Given User is on home page                     # com.snd.stepDefinitions.HomePageSteps.user_is_on_home_page()
  And User clicks on flights tab                 # com.snd.stepDefinitions.FlightSearchSteps.user_clicks_on_flights_tab()
[INFO ] 2024-06-27 11:48:34.684 [TestNG-test=Test-1] FlightSearchSteps - Clicked on one way option
  And User clicks on One way option              # com.snd.stepDefinitions.FlightSearchSteps.user_clicks_on_one_way_option()
[INFO ] 2024-06-27 11:48:34.948 [TestNG-test=Test-1] FlightSearchSteps - Cabin class selected
  And User selects "Economy Premium" Cabin class # com.snd.stepDefinitions.FlightSearchSteps.user_selects_cabin_class(java.lang.String)
[INFO ] 2024-06-27 11:48:35.711 [TestNG-test=Test-1] FlightSearchSteps - Entered origin
  And User enters Origin as "LHR"                # com.snd.stepDefinitions.FlightSearchSteps.user_enters_origin_as(java.lang.String)
[INFO ] 2024-06-27 11:48:36.241 [TestNG-test=Test-1] FlightSearchSteps - Destination entered
  And User enters destination as "CDG"           # com.snd.stepDefinitions.FlightSearchSteps.user_enters_destination_as(java.lang.String)
[INFO ] 2024-06-27 11:48:36.488 [TestNG-test=Test-1] FlightSearchSteps - Entered date
  And User selects date "30-09-2024"             # com.snd.stepDefinitions.FlightSearchSteps.user_selects_date(java.lang.String)
[INFO ] 2024-06-27 11:48:36.599 [TestNG-test=Test-1] FlightSearchSteps - Clicked on travellers drop down
[INFO ] 2024-06-27 11:48:37.322 [TestNG-test=Test-1] FlightSearchSteps - Selected travellers
  And User selects 2 Adults 1 Child and 0 Infant # com.snd.stepDefinitions.FlightSearchSteps.user_selects_adults_child_and_infant(java.lang.Integer,java.lang.Integer,java.lang.Integer)
  When User clicks on Search button              # com.snd.stepDefinitions.FlightSearchSteps.user_clicks_on_search_button()
      org.openqa.selenium.TimeoutException: timeout: Timed out receiving message from renderer: 20.000
  (Session info: chrome=126.0.6478.116)
Build info: version: '3.141.59', revision: 'e82be7d358', time: '2018-11-14T08:17:03'
System info: host: 'DESKTOP-4VI7QOT', ip: '192.168.0.102', os.name: 'Windows 10', os.arch: 'amd64', os.version: '10.0', java.version: '17.0.11'
Driver info: org.openqa.selenium.chrome.ChromeDriver
Capabilities {acceptInsecureCerts: false, browserName: chrome, browserVersion: 126.0.6478.116, chrome: {chromedriverVersion: 125.0.6422.141 (4b1e8393712..., userDataDir: C:\WINDOWS\SystemTemp\scope...}, fedcm:accounts: true, goog:chromeOptions: {debuggerAddress: localhost:57818}, javascriptEnabled: true, networkConnectionEnabled: false, pageLoadStrategy: normal, platform: WINDOWS, platformName: WINDOWS, proxy: Proxy(), setWindowRect: true, strictFileInteractability: false, timeouts: {implicit: 0, pageLoad: 300000, script: 30000}, unhandledPromptBehavior: dismiss and notify, webauthn:extension:credBlob: true, webauthn:extension:largeBlob: true, webauthn:extension:minPinLength: true, webauthn:extension:prf: true, webauthn:virtualAuthenticators: true}
Session ID: 8b30cf09a3daef162339fe489facd6ff
	at java.base/jdk.internal.reflect.NativeConstructorAccessorImpl.newInstance0(Native Method)
	at java.base/jdk.internal.reflect.NativeConstructorAccessorImpl.newInstance(NativeConstructorAccessorImpl.java:77)
	at java.base/jdk.internal.reflect.DelegatingConstructorAccessorImpl.newInstance(DelegatingConstructorAccessorImpl.java:45)
	at java.base/java.lang.reflect.Constructor.newInstanceWithCaller(Constructor.java:499)
	at java.base/java.lang.reflect.Constructor.newInstance(Constructor.java:480)
	at org.openqa.selenium.remote.http.W3CHttpResponseCodec.createException(W3CHttpResponseCodec.java:187)
	at org.openqa.selenium.remote.http.W3CHttpResponseCodec.decode(W3CHttpResponseCodec.java:122)
	at org.openqa.selenium.remote.http.W3CHttpResponseCodec.decode(W3CHttpResponseCodec.java:49)
	at org.openqa.selenium.remote.HttpCommandExecutor.execute(HttpCommandExecutor.java:158)
	at org.openqa.selenium.remote.service.DriverCommandExecutor.execute(DriverCommandExecutor.java:83)
	at org.openqa.selenium.remote.RemoteWebDriver.execute(RemoteWebDriver.java:552)
	at org.openqa.selenium.remote.RemoteWebElement.execute(RemoteWebElement.java:285)
	at org.openqa.selenium.remote.RemoteWebElement.click(RemoteWebElement.java:84)
	at java.base/jdk.internal.reflect.NativeMethodAccessorImpl.invoke0(Native Method)
	at java.base/jdk.internal.reflect.NativeMethodAccessorImpl.invoke(NativeMethodAccessorImpl.java:77)
	at java.base/jdk.internal.reflect.DelegatingMethodAccessorImpl.invoke(DelegatingMethodAccessorImpl.java:43)
	at java.base/java.lang.reflect.Method.invoke(Method.java:568)
	at org.openqa.selenium.support.pagefactory.internal.LocatingElementHandler.invoke(LocatingElementHandler.java:51)
	at jdk.proxy2/jdk.proxy2.$Proxy38.click(Unknown Source)
	at com.snd.pageObjects.HomePage.clickSearch(HomePage.java:258)
	at com.snd.stepDefinitions.FlightSearchSteps.user_clicks_on_search_button(FlightSearchSteps.java:67)
	at âœ½.User clicks on Search button(file:///C:/Users/MYPC/eclipse-workspace/PHP_Travels.net_TestNG/src/test/resources/Features/FlightSearch.feature:15)

  Then Available flights should be displayed     # com.snd.stepDefinitions.FlightSearchSteps.available_flights_should_be_displayed()

    Embedding Search_one_way_flight [image/png 3840 bytes]

[INFO ] 2024-06-27 11:48:57.591 [TestNG-test=Test-1] Hooks - Screenshot taken
[INFO ] 2024-06-27 11:48:57.772 [TestNG-test=Test-1] Hooks - Browser closed
]]></system-out>
    <system-err><![CDATA[Starting ChromeDriver 125.0.6422.141 (4b1e83937122185343ba92e909b021f307c719ca-refs/branch-heads/6422@{#1186}) on port 36570
Only local connections are allowed.
Please see https://chromedriver.chromium.org/security-considerations for suggestions on keeping ChromeDriver safe.
ChromeDriver was started successfully.
[1719469109.097][WARNING]: This version of ChromeDriver has not been tested with Chrome version 126.
Jun 27, 2024 11:48:29 AM org.openqa.selenium.remote.ProtocolHandshake createSession
INFO: Detected dialect: W3C
[1719469137.419][SEVERE]: Timed out receiving message from renderer: 20.000
[1719469137.438][SEVERE]: Timed out receiving message from renderer: 20.000
]]></system-err>
  </testcase>
  <testcase name="runScenario" classname="com.snd.runners.TestRunner" time="28.489">
    <failure message="timeout: Timed out receiving message from renderer: 20.000&#10;  (Session info: chrome=126.0.6478.116)&#10;Build info: version: &apos;3.141.59&apos;, revision: &apos;e82be7d358&apos;, time: &apos;2018-11-14T08:17:03&apos;&#10;System info: host: &apos;DESKTOP-4VI7QOT&apos;, ip: &apos;192.168.0.102&apos;, os.name: &apos;Windows 10&apos;, os.arch: &apos;amd64&apos;, os.version: &apos;10.0&apos;, java.version: &apos;17.0.11&apos;&#10;Driver info: org.openqa.selenium.chrome.ChromeDriver&#10;Capabilities {acceptInsecureCerts: false, browserName: chrome, browserVersion: 126.0.6478.116, chrome: {chromedriverVersion: 125.0.6422.141 (4b1e8393712..., userDataDir: C:\WINDOWS\SystemTemp\scope...}, fedcm:accounts: true, goog:chromeOptions: {debuggerAddress: localhost:57839}, javascriptEnabled: true, networkConnectionEnabled: false, pageLoadStrategy: normal, platform: WINDOWS, platformName: WINDOWS, proxy: Proxy(), setWindowRect: true, strictFileInteractability: false, timeouts: {implicit: 0, pageLoad: 300000, script: 30000}, unhandledPromptBehavior: dismiss and notify, webauthn:extension:credBlob: true, webauthn:extension:largeBlob: true, webauthn:extension:minPinLength: true, webauthn:extension:prf: true, webauthn:virtualAuthenticators: true}&#10;Session ID: 0bb4c1c2ebcbeac4d0fba4d6cef5e552" type="org.openqa.selenium.TimeoutException">org.openqa.selenium.TimeoutException: 
timeout: Timed out receiving message from renderer: 20.000
  (Session info: chrome=126.0.6478.116)
Build info: version: '3.141.59', revision: 'e82be7d358', time: '2018-11-14T08:17:03'
System info: host: 'DESKTOP-4VI7QOT', ip: '192.168.0.102', os.name: 'Windows 10', os.arch: 'amd64', os.version: '10.0', java.version: '17.0.11'
Driver info: org.openqa.selenium.chrome.ChromeDriver
Capabilities {acceptInsecureCerts: false, browserName: chrome, browserVersion: 126.0.6478.116, chrome: {chromedriverVersion: 125.0.6422.141 (4b1e8393712..., userDataDir: C:\WINDOWS\SystemTemp\scope...}, fedcm:accounts: true, goog:chromeOptions: {debuggerAddress: localhost:57839}, javascriptEnabled: true, networkConnectionEnabled: false, pageLoadStrategy: normal, platform: WINDOWS, platformName: WINDOWS, proxy: Proxy(), setWindowRect: true, strictFileInteractability: false, timeouts: {implicit: 0, pageLoad: 300000, script: 30000}, unhandledPromptBehavior: dismiss and notify, webauthn:extension:credBlob: true, webauthn:extension:largeBlob: true, webauthn:extension:minPinLength: true, webauthn:extension:prf: true, webauthn:virtualAuthenticators: true}
Session ID: 0bb4c1c2ebcbeac4d0fba4d6cef5e552
</failure>
    <system-out><![CDATA[
@flightSearch @oneway
Scenario Outline: Search one way flight          # src/test/resources/Features/FlightSearch.feature:21
[INFO ] 2024-06-27 11:48:59.190 [TestNG-test=Test-1] Hooks - Browser launched
[INFO ] 2024-06-27 11:49:01.335 [TestNG-test=Test-1] HomePageSteps - Entered base URL
  Given User is on home page                     # com.snd.stepDefinitions.HomePageSteps.user_is_on_home_page()
  And User clicks on flights tab                 # com.snd.stepDefinitions.FlightSearchSteps.user_clicks_on_flights_tab()
[INFO ] 2024-06-27 11:49:03.324 [TestNG-test=Test-1] FlightSearchSteps - Clicked on one way option
  And User clicks on One way option              # com.snd.stepDefinitions.FlightSearchSteps.user_clicks_on_one_way_option()
[INFO ] 2024-06-27 11:49:03.685 [TestNG-test=Test-1] FlightSearchSteps - Cabin class selected
  And User selects "Business" Cabin class        # com.snd.stepDefinitions.FlightSearchSteps.user_selects_cabin_class(java.lang.String)
[INFO ] 2024-06-27 11:49:04.363 [TestNG-test=Test-1] FlightSearchSteps - Entered origin
  And User enters Origin as "CHI"                # com.snd.stepDefinitions.FlightSearchSteps.user_enters_origin_as(java.lang.String)
[INFO ] 2024-06-27 11:49:04.819 [TestNG-test=Test-1] FlightSearchSteps - Destination entered
  And User enters destination as "AMS"           # com.snd.stepDefinitions.FlightSearchSteps.user_enters_destination_as(java.lang.String)
[INFO ] 2024-06-27 11:49:05.078 [TestNG-test=Test-1] FlightSearchSteps - Entered date
  And User selects date "02-10-2024"             # com.snd.stepDefinitions.FlightSearchSteps.user_selects_date(java.lang.String)
[INFO ] 2024-06-27 11:49:05.202 [TestNG-test=Test-1] FlightSearchSteps - Clicked on travellers drop down
[INFO ] 2024-06-27 11:49:05.860 [TestNG-test=Test-1] FlightSearchSteps - Selected travellers
  And User selects 3 Adults 2 Child and 1 Infant # com.snd.stepDefinitions.FlightSearchSteps.user_selects_adults_child_and_infant(java.lang.Integer,java.lang.Integer,java.lang.Integer)
  When User clicks on Search button              # com.snd.stepDefinitions.FlightSearchSteps.user_clicks_on_search_button()
      org.openqa.selenium.TimeoutException: timeout: Timed out receiving message from renderer: 20.000
  (Session info: chrome=126.0.6478.116)
Build info: version: '3.141.59', revision: 'e82be7d358', time: '2018-11-14T08:17:03'
System info: host: 'DESKTOP-4VI7QOT', ip: '192.168.0.102', os.name: 'Windows 10', os.arch: 'amd64', os.version: '10.0', java.version: '17.0.11'
Driver info: org.openqa.selenium.chrome.ChromeDriver
Capabilities {acceptInsecureCerts: false, browserName: chrome, browserVersion: 126.0.6478.116, chrome: {chromedriverVersion: 125.0.6422.141 (4b1e8393712..., userDataDir: C:\WINDOWS\SystemTemp\scope...}, fedcm:accounts: true, goog:chromeOptions: {debuggerAddress: localhost:57839}, javascriptEnabled: true, networkConnectionEnabled: false, pageLoadStrategy: normal, platform: WINDOWS, platformName: WINDOWS, proxy: Proxy(), setWindowRect: true, strictFileInteractability: false, timeouts: {implicit: 0, pageLoad: 300000, script: 30000}, unhandledPromptBehavior: dismiss and notify, webauthn:extension:credBlob: true, webauthn:extension:largeBlob: true, webauthn:extension:minPinLength: true, webauthn:extension:prf: true, webauthn:virtualAuthenticators: true}
Session ID: 0bb4c1c2ebcbeac4d0fba4d6cef5e552
	at java.base/jdk.internal.reflect.NativeConstructorAccessorImpl.newInstance0(Native Method)
	at java.base/jdk.internal.reflect.NativeConstructorAccessorImpl.newInstance(NativeConstructorAccessorImpl.java:77)
	at java.base/jdk.internal.reflect.DelegatingConstructorAccessorImpl.newInstance(DelegatingConstructorAccessorImpl.java:45)
	at java.base/java.lang.reflect.Constructor.newInstanceWithCaller(Constructor.java:499)
	at java.base/java.lang.reflect.Constructor.newInstance(Constructor.java:480)
	at org.openqa.selenium.remote.http.W3CHttpResponseCodec.createException(W3CHttpResponseCodec.java:187)
	at org.openqa.selenium.remote.http.W3CHttpResponseCodec.decode(W3CHttpResponseCodec.java:122)
	at org.openqa.selenium.remote.http.W3CHttpResponseCodec.decode(W3CHttpResponseCodec.java:49)
	at org.openqa.selenium.remote.HttpCommandExecutor.execute(HttpCommandExecutor.java:158)
	at org.openqa.selenium.remote.service.DriverCommandExecutor.execute(DriverCommandExecutor.java:83)
	at org.openqa.selenium.remote.RemoteWebDriver.execute(RemoteWebDriver.java:552)
	at org.openqa.selenium.remote.RemoteWebElement.execute(RemoteWebElement.java:285)
	at org.openqa.selenium.remote.RemoteWebElement.click(RemoteWebElement.java:84)
	at java.base/jdk.internal.reflect.NativeMethodAccessorImpl.invoke0(Native Method)
	at java.base/jdk.internal.reflect.NativeMethodAccessorImpl.invoke(NativeMethodAccessorImpl.java:77)
	at java.base/jdk.internal.reflect.DelegatingMethodAccessorImpl.invoke(DelegatingMethodAccessorImpl.java:43)
	at java.base/java.lang.reflect.Method.invoke(Method.java:568)
	at org.openqa.selenium.support.pagefactory.internal.LocatingElementHandler.invoke(LocatingElementHandler.java:51)
	at jdk.proxy2/jdk.proxy2.$Proxy38.click(Unknown Source)
	at com.snd.pageObjects.HomePage.clickSearch(HomePage.java:258)
	at com.snd.stepDefinitions.FlightSearchSteps.user_clicks_on_search_button(FlightSearchSteps.java:67)
	at âœ½.User clicks on Search button(file:///C:/Users/MYPC/eclipse-workspace/PHP_Travels.net_TestNG/src/test/resources/Features/FlightSearch.feature:15)

  Then Available flights should be displayed     # com.snd.stepDefinitions.FlightSearchSteps.available_flights_should_be_displayed()

    Embedding Search_one_way_flight [image/png 3840 bytes]

[INFO ] 2024-06-27 11:49:26.096 [TestNG-test=Test-1] Hooks - Screenshot taken
[INFO ] 2024-06-27 11:49:26.280 [TestNG-test=Test-1] Hooks - Browser closed
]]></system-out>
    <system-err><![CDATA[Starting ChromeDriver 125.0.6422.141 (4b1e83937122185343ba92e909b021f307c719ca-refs/branch-heads/6422@{#1186}) on port 22033
Only local connections are allowed.
Please see https://chromedriver.chromium.org/security-considerations for suggestions on keeping ChromeDriver safe.
ChromeDriver was started successfully.
[1719469138.675][WARNING]: This version of ChromeDriver has not been tested with Chrome version 126.
Jun 27, 2024 11:48:59 AM org.openqa.selenium.remote.ProtocolHandshake createSession
INFO: Detected dialect: W3C
[1719469165.966][SEVERE]: Timed out receiving message from renderer: 20.000
[1719469165.969][SEVERE]: Timed out receiving message from renderer: 20.000
]]></system-err>
  </testcase>
  <testcase name="runScenario" classname="com.snd.runners.TestRunner" time="6.76"/>
  <testcase name="runScenario" classname="com.snd.runners.TestRunner" time="6.054"/>
  <testcase name="runScenario" classname="com.snd.runners.TestRunner" time="5.603"/>
  <testcase name="runScenario" classname="com.snd.runners.TestRunner" time="3.974"/>
  <testcase name="runScenario" classname="com.snd.runners.TestRunner" time="4.655"/>
  <testcase name="runScenario" classname="com.snd.runners.TestRunner" time="5.957"/>
  <testcase name="runScenario" classname="com.snd.runners.TestRunner" time="4.84"/>
  <testcase name="runScenario" classname="com.snd.runners.TestRunner" time="5.57"/>
</testsuite>