<?xml version="1.0" encoding="UTF-8"?>
<testng-results ignored="0" total="10" passed="8" failed="2" skipped="0">
  <reporter-output>
  </reporter-output>
  <suite started-at="2024-06-27T06:18:25Z" name="Suite" finished-at="2024-06-27T06:20:10Z" duration-ms="104478">
    <groups>
      <group name="cucumber">
        <method signature="AbstractTestNGCucumberTests.runScenario(io.cucumber.testng.PickleWrapper, io.cucumber.testng.FeatureWrapper)[pri:0, instance:com.snd.runners.TestRunner@2cb4893b]" name="runScenario" class="io.cucumber.testng.AbstractTestNGCucumberTests"/>
      </group> <!-- cucumber -->
    </groups>
    <test started-at="2024-06-27T06:18:25Z" name="Test" finished-at="2024-06-27T06:20:10Z" duration-ms="104478">
      <class name="com.snd.runners.TestRunner">
        <test-method is-config="true" signature="setUpClass(org.testng.ITestContext)[pri:0, instance:com.snd.runners.TestRunner@2cb4893b]" started-at="2024-06-27T06:18:25Z" name="setUpClass" finished-at="2024-06-27T06:18:27Z" duration-ms="1298" status="PASS">
          <params>
            <param index="0">
              <value>
                <![CDATA[org.testng.TestRunner@5fb759d6]]>
              </value>
            </param>
          </params>
          <reporter-output>
          </reporter-output>
        </test-method> <!-- setUpClass -->
        <test-method signature="runScenario(io.cucumber.testng.PickleWrapper, io.cucumber.testng.FeatureWrapper)[pri:0, instance:com.snd.runners.TestRunner@2cb4893b]" started-at="2024-06-27T06:18:27Z" name="runScenario" description="Runs Cucumber Scenarios" data-provider="scenarios" finished-at="2024-06-27T06:18:57Z" duration-ms="30611" status="FAIL">
          <params>
            <param index="0">
              <value>
                <![CDATA["Search one way flight"]]>
              </value>
            </param>
            <param index="1">
              <value>
                <![CDATA["Verify flight search feature"]]>
              </value>
            </param>
          </params>
          <exception class="org.openqa.selenium.TimeoutException">
            <message>
              <![CDATA[timeout: Timed out receiving message from renderer: 20.000
  (Session info: chrome=126.0.6478.116)
Build info: version: '3.141.59', revision: 'e82be7d358', time: '2018-11-14T08:17:03'
System info: host: 'DESKTOP-4VI7QOT', ip: '192.168.0.102', os.name: 'Windows 10', os.arch: 'amd64', os.version: '10.0', java.version: '17.0.11'
Driver info: org.openqa.selenium.chrome.ChromeDriver
Capabilities {acceptInsecureCerts: false, browserName: chrome, browserVersion: 126.0.6478.116, chrome: {chromedriverVersion: 125.0.6422.141 (4b1e8393712..., userDataDir: C:\WINDOWS\SystemTemp\scope...}, fedcm:accounts: true, goog:chromeOptions: {debuggerAddress: localhost:57818}, javascriptEnabled: true, networkConnectionEnabled: false, pageLoadStrategy: normal, platform: WINDOWS, platformName: WINDOWS, proxy: Proxy(), setWindowRect: true, strictFileInteractability: false, timeouts: {implicit: 0, pageLoad: 300000, script: 30000}, unhandledPromptBehavior: dismiss and notify, webauthn:extension:credBlob: true, webauthn:extension:largeBlob: true, webauthn:extension:minPinLength: true, webauthn:extension:prf: true, webauthn:virtualAuthenticators: true}
Session ID: 8b30cf09a3daef162339fe489facd6ff]]>
            </message>
            <full-stacktrace>
              <![CDATA[org.openqa.selenium.TimeoutException: timeout: Timed out receiving message from renderer: 20.000
  (Session info: chrome=126.0.6478.116)
Build info: version: '3.141.59', revision: 'e82be7d358', time: '2018-11-14T08:17:03'
System info: host: 'DESKTOP-4VI7QOT', ip: '192.168.0.102', os.name: 'Windows 10', os.arch: 'amd64', os.version: '10.0', java.version: '17.0.11'
Driver info: org.openqa.selenium.chrome.ChromeDriver
Capabilities {acceptInsecureCerts: false, browserName: chrome, browserVersion: 126.0.6478.116, chrome: {chromedriverVersion: 125.0.6422.141 (4b1e8393712..., userDataDir: C:\WINDOWS\SystemTemp\scope...}, fedcm:accounts: true, goog:chromeOptions: {debuggerAddress: localhost:57818}, javascriptEnabled: true, networkConnectionEnabled: false, pageLoadStrategy: normal, platform: WINDOWS, platformName: WINDOWS, proxy: Proxy(), setWindowRect: true, strictFileInteractability: false, timeouts: {implicit: 0, pageLoad: 300000, script: 30000}, unhandledPromptBehavior: dismiss and notify, webauthn:extension:credBlob: true, webauthn:extension:largeBlob: true, webauthn:extension:minPinLength: true, webauthn:extension:prf: true, webauthn:virtualAuthenticators: true}
Session ID: 8b30cf09a3daef162339fe489facd6ff
at java.base/jdk.internal.reflect.NativeConstructorAccessorImpl.newInstance0(Native Method)
at java.base/jdk.internal.reflect.NativeConstructorAccessorImpl.newInstance(NativeConstructorAccessorImpl.java:77)
at java.base/jdk.internal.reflect.DelegatingConstructorAccessorImpl.newInstance(DelegatingConstructorAccessorImpl.java:45)
at java.base/java.lang.reflect.Constructor.newInstanceWithCaller(Constructor.java:499)
at java.base/java.lang.reflect.Constructor.newInstance(Constructor.java:480)
at org.openqa.selenium.remote.http.W3CHttpResponseCodec.createException(W3CHttpResponseCodec.java:187)
at org.openqa.selenium.remote.http.W3CHttpResponseCodec.decode(W3CHttpResponseCodec.java:122)
at org.openqa.selenium.remote.http.W3CHttpResponseCodec.decode(W3CHttpResponseCodec.java:49)
at org.openqa.selenium.remote.HttpCommandExecutor.execute(HttpCommandExecutor.java:158)
at org.openqa.selenium.remote.service.DriverCommandExecutor.execute(DriverCommandExecutor.java:83)
at org.openqa.selenium.remote.RemoteWebDriver.execute(RemoteWebDriver.java:552)
at org.openqa.selenium.remote.RemoteWebElement.execute(RemoteWebElement.java:285)
at org.openqa.selenium.remote.RemoteWebElement.click(RemoteWebElement.java:84)
at java.base/jdk.internal.reflect.NativeMethodAccessorImpl.invoke0(Native Method)
at java.base/jdk.internal.reflect.NativeMethodAccessorImpl.invoke(NativeMethodAccessorImpl.java:77)
at java.base/jdk.internal.reflect.DelegatingMethodAccessorImpl.invoke(DelegatingMethodAccessorImpl.java:43)
at java.base/java.lang.reflect.Method.invoke(Method.java:568)
at org.openqa.selenium.support.pagefactory.internal.LocatingElementHandler.invoke(LocatingElementHandler.java:51)
at jdk.proxy2/jdk.proxy2.$Proxy38.click(Unknown Source)
at com.snd.pageObjects.HomePage.clickSearch(HomePage.java:258)
at com.snd.stepDefinitions.FlightSearchSteps.user_clicks_on_search_button(FlightSearchSteps.java:67)
at ✽.User clicks on Search button(file:///C:/Users/MYPC/eclipse-workspace/PHP_Travels.net_TestNG/src/test/resources/Features/FlightSearch.feature:15)
]]>
            </full-stacktrace>
          </exception> <!-- org.openqa.selenium.TimeoutException -->
          <reporter-output>
          </reporter-output>
        </test-method> <!-- runScenario -->
        <test-method signature="runScenario(io.cucumber.testng.PickleWrapper, io.cucumber.testng.FeatureWrapper)[pri:0, instance:com.snd.runners.TestRunner@2cb4893b]" started-at="2024-06-27T06:18:57Z" name="runScenario" description="Runs Cucumber Scenarios" data-provider="scenarios" finished-at="2024-06-27T06:19:26Z" duration-ms="28491" status="FAIL">
          <params>
            <param index="0">
              <value>
                <![CDATA["Search one way flight"]]>
              </value>
            </param>
            <param index="1">
              <value>
                <![CDATA["Verify flight search feature"]]>
              </value>
            </param>
          </params>
          <exception class="org.openqa.selenium.TimeoutException">
            <message>
              <![CDATA[timeout: Timed out receiving message from renderer: 20.000
  (Session info: chrome=126.0.6478.116)
Build info: version: '3.141.59', revision: 'e82be7d358', time: '2018-11-14T08:17:03'
System info: host: 'DESKTOP-4VI7QOT', ip: '192.168.0.102', os.name: 'Windows 10', os.arch: 'amd64', os.version: '10.0', java.version: '17.0.11'
Driver info: org.openqa.selenium.chrome.ChromeDriver
Capabilities {acceptInsecureCerts: false, browserName: chrome, browserVersion: 126.0.6478.116, chrome: {chromedriverVersion: 125.0.6422.141 (4b1e8393712..., userDataDir: C:\WINDOWS\SystemTemp\scope...}, fedcm:accounts: true, goog:chromeOptions: {debuggerAddress: localhost:57839}, javascriptEnabled: true, networkConnectionEnabled: false, pageLoadStrategy: normal, platform: WINDOWS, platformName: WINDOWS, proxy: Proxy(), setWindowRect: true, strictFileInteractability: false, timeouts: {implicit: 0, pageLoad: 300000, script: 30000}, unhandledPromptBehavior: dismiss and notify, webauthn:extension:credBlob: true, webauthn:extension:largeBlob: true, webauthn:extension:minPinLength: true, webauthn:extension:prf: true, webauthn:virtualAuthenticators: true}
Session ID: 0bb4c1c2ebcbeac4d0fba4d6cef5e552]]>
            </message>
            <full-stacktrace>
              <![CDATA[org.openqa.selenium.TimeoutException: timeout: Timed out receiving message from renderer: 20.000
  (Session info: chrome=126.0.6478.116)
Build info: version: '3.141.59', revision: 'e82be7d358', time: '2018-11-14T08:17:03'
System info: host: 'DESKTOP-4VI7QOT', ip: '192.168.0.102', os.name: 'Windows 10', os.arch: 'amd64', os.version: '10.0', java.version: '17.0.11'
Driver info: org.openqa.selenium.chrome.ChromeDriver
Capabilities {acceptInsecureCerts: false, browserName: chrome, browserVersion: 126.0.6478.116, chrome: {chromedriverVersion: 125.0.6422.141 (4b1e8393712..., userDataDir: C:\WINDOWS\SystemTemp\scope...}, fedcm:accounts: true, goog:chromeOptions: {debuggerAddress: localhost:57839}, javascriptEnabled: true, networkConnectionEnabled: false, pageLoadStrategy: normal, platform: WINDOWS, platformName: WINDOWS, proxy: Proxy(), setWindowRect: true, strictFileInteractability: false, timeouts: {implicit: 0, pageLoad: 300000, script: 30000}, unhandledPromptBehavior: dismiss and notify, webauthn:extension:credBlob: true, webauthn:extension:largeBlob: true, webauthn:extension:minPinLength: true, webauthn:extension:prf: true, webauthn:virtualAuthenticators: true}
Session ID: 0bb4c1c2ebcbeac4d0fba4d6cef5e552
at java.base/jdk.internal.reflect.NativeConstructorAccessorImpl.newInstance0(Native Method)
at java.base/jdk.internal.reflect.NativeConstructorAccessorImpl.newInstance(NativeConstructorAccessorImpl.java:77)
at java.base/jdk.internal.reflect.DelegatingConstructorAccessorImpl.newInstance(DelegatingConstructorAccessorImpl.java:45)
at java.base/java.lang.reflect.Constructor.newInstanceWithCaller(Constructor.java:499)
at java.base/java.lang.reflect.Constructor.newInstance(Constructor.java:480)
at org.openqa.selenium.remote.http.W3CHttpResponseCodec.createException(W3CHttpResponseCodec.java:187)
at org.openqa.selenium.remote.http.W3CHttpResponseCodec.decode(W3CHttpResponseCodec.java:122)
at org.openqa.selenium.remote.http.W3CHttpResponseCodec.decode(W3CHttpResponseCodec.java:49)
at org.openqa.selenium.remote.HttpCommandExecutor.execute(HttpCommandExecutor.java:158)
at org.openqa.selenium.remote.service.DriverCommandExecutor.execute(DriverCommandExecutor.java:83)
at org.openqa.selenium.remote.RemoteWebDriver.execute(RemoteWebDriver.java:552)
at org.openqa.selenium.remote.RemoteWebElement.execute(RemoteWebElement.java:285)
at org.openqa.selenium.remote.RemoteWebElement.click(RemoteWebElement.java:84)
at java.base/jdk.internal.reflect.NativeMethodAccessorImpl.invoke0(Native Method)
at java.base/jdk.internal.reflect.NativeMethodAccessorImpl.invoke(NativeMethodAccessorImpl.java:77)
at java.base/jdk.internal.reflect.DelegatingMethodAccessorImpl.invoke(DelegatingMethodAccessorImpl.java:43)
at java.base/java.lang.reflect.Method.invoke(Method.java:568)
at org.openqa.selenium.support.pagefactory.internal.LocatingElementHandler.invoke(LocatingElementHandler.java:51)
at jdk.proxy2/jdk.proxy2.$Proxy38.click(Unknown Source)
at com.snd.pageObjects.HomePage.clickSearch(HomePage.java:258)
at com.snd.stepDefinitions.FlightSearchSteps.user_clicks_on_search_button(FlightSearchSteps.java:67)
at ✽.User clicks on Search button(file:///C:/Users/MYPC/eclipse-workspace/PHP_Travels.net_TestNG/src/test/resources/Features/FlightSearch.feature:15)
]]>
            </full-stacktrace>
          </exception> <!-- org.openqa.selenium.TimeoutException -->
          <reporter-output>
          </reporter-output>
        </test-method> <!-- runScenario -->
        <test-method signature="runScenario(io.cucumber.testng.PickleWrapper, io.cucumber.testng.FeatureWrapper)[pri:0, instance:com.snd.runners.TestRunner@2cb4893b]" started-at="2024-06-27T06:19:26Z" name="runScenario" description="Runs Cucumber Scenarios" data-provider="scenarios" finished-at="2024-06-27T06:19:33Z" duration-ms="6760" status="PASS">
          <params>
            <param index="0">
              <value>
                <![CDATA["Verify headers on dashboard"]]>
              </value>
            </param>
            <param index="1">
              <value>
                <![CDATA["Verify Dashboard"]]>
              </value>
            </param>
          </params>
          <reporter-output>
          </reporter-output>
        </test-method> <!-- runScenario -->
        <test-method signature="runScenario(io.cucumber.testng.PickleWrapper, io.cucumber.testng.FeatureWrapper)[pri:0, instance:com.snd.runners.TestRunner@2cb4893b]" started-at="2024-06-27T06:19:33Z" name="runScenario" description="Runs Cucumber Scenarios" data-provider="scenarios" finished-at="2024-06-27T06:19:39Z" duration-ms="6054" status="PASS">
          <params>
            <param index="0">
              <value>
                <![CDATA["Verify Serach widget"]]>
              </value>
            </param>
            <param index="1">
              <value>
                <![CDATA["Verify Dashboard"]]>
              </value>
            </param>
          </params>
          <reporter-output>
          </reporter-output>
        </test-method> <!-- runScenario -->
        <test-method signature="runScenario(io.cucumber.testng.PickleWrapper, io.cucumber.testng.FeatureWrapper)[pri:0, instance:com.snd.runners.TestRunner@2cb4893b]" started-at="2024-06-27T06:19:39Z" name="runScenario" description="Runs Cucumber Scenarios" data-provider="scenarios" finished-at="2024-06-27T06:19:44Z" duration-ms="5603" status="PASS">
          <params>
            <param index="0">
              <value>
                <![CDATA["Verify Footers"]]>
              </value>
            </param>
            <param index="1">
              <value>
                <![CDATA["Verify Dashboard"]]>
              </value>
            </param>
          </params>
          <reporter-output>
          </reporter-output>
        </test-method> <!-- runScenario -->
        <test-method signature="runScenario(io.cucumber.testng.PickleWrapper, io.cucumber.testng.FeatureWrapper)[pri:0, instance:com.snd.runners.TestRunner@2cb4893b]" started-at="2024-06-27T06:19:44Z" name="runScenario" description="Runs Cucumber Scenarios" data-provider="scenarios" finished-at="2024-06-27T06:19:48Z" duration-ms="3974" status="PASS">
          <params>
            <param index="0">
              <value>
                <![CDATA["Validate Login with valid username and password"]]>
              </value>
            </param>
            <param index="1">
              <value>
                <![CDATA["Verify Login functionality"]]>
              </value>
            </param>
          </params>
          <reporter-output>
          </reporter-output>
        </test-method> <!-- runScenario -->
        <test-method signature="runScenario(io.cucumber.testng.PickleWrapper, io.cucumber.testng.FeatureWrapper)[pri:0, instance:com.snd.runners.TestRunner@2cb4893b]" started-at="2024-06-27T06:19:48Z" name="runScenario" description="Runs Cucumber Scenarios" data-provider="scenarios" finished-at="2024-06-27T06:19:53Z" duration-ms="4653" status="PASS">
          <params>
            <param index="0">
              <value>
                <![CDATA["Validate Login with invalid username and password"]]>
              </value>
            </param>
            <param index="1">
              <value>
                <![CDATA["Verify Login functionality"]]>
              </value>
            </param>
          </params>
          <reporter-output>
          </reporter-output>
        </test-method> <!-- runScenario -->
        <test-method signature="runScenario(io.cucumber.testng.PickleWrapper, io.cucumber.testng.FeatureWrapper)[pri:0, instance:com.snd.runners.TestRunner@2cb4893b]" started-at="2024-06-27T06:19:53Z" name="runScenario" description="Runs Cucumber Scenarios" data-provider="scenarios" finished-at="2024-06-27T06:19:59Z" duration-ms="5958" status="PASS">
          <params>
            <param index="0">
              <value>
                <![CDATA["Validate Login with invalid username and password"]]>
              </value>
            </param>
            <param index="1">
              <value>
                <![CDATA["Verify Login functionality"]]>
              </value>
            </param>
          </params>
          <reporter-output>
          </reporter-output>
        </test-method> <!-- runScenario -->
        <test-method signature="runScenario(io.cucumber.testng.PickleWrapper, io.cucumber.testng.FeatureWrapper)[pri:0, instance:com.snd.runners.TestRunner@2cb4893b]" started-at="2024-06-27T06:19:59Z" name="runScenario" description="Runs Cucumber Scenarios" data-provider="scenarios" finished-at="2024-06-27T06:20:04Z" duration-ms="4840" status="PASS">
          <params>
            <param index="0">
              <value>
                <![CDATA["Validate Login with invalid username and password"]]>
              </value>
            </param>
            <param index="1">
              <value>
                <![CDATA["Verify Login functionality"]]>
              </value>
            </param>
          </params>
          <reporter-output>
          </reporter-output>
        </test-method> <!-- runScenario -->
        <test-method signature="runScenario(io.cucumber.testng.PickleWrapper, io.cucumber.testng.FeatureWrapper)[pri:0, instance:com.snd.runners.TestRunner@2cb4893b]" started-at="2024-06-27T06:20:04Z" name="runScenario" description="Runs Cucumber Scenarios" data-provider="scenarios" finished-at="2024-06-27T06:20:09Z" duration-ms="5569" status="PASS">
          <params>
            <param index="0">
              <value>
                <![CDATA["Validate Login with invalid username and password"]]>
              </value>
            </param>
            <param index="1">
              <value>
                <![CDATA["Verify Login functionality"]]>
              </value>
            </param>
          </params>
          <reporter-output>
          </reporter-output>
        </test-method> <!-- runScenario -->
        <test-method is-config="true" signature="tearDownClass()[pri:0, instance:com.snd.runners.TestRunner@2cb4893b]" started-at="2024-06-27T06:20:09Z" name="tearDownClass" finished-at="2024-06-27T06:20:10Z" duration-ms="620" status="PASS">
          <reporter-output>
          </reporter-output>
        </test-method> <!-- tearDownClass -->
      </class> <!-- com.snd.runners.TestRunner -->
    </test> <!-- Test -->
  </suite> <!-- Suite -->
</testng-results>
